Connecting to database specified by database.yml
Connecting to database specified by database.yml
Connecting to database specified by database.yml
Connecting to database specified by database.yml
Connecting to database specified by database.yml
  [1m[36m (0.1ms)[0m  [1mselect sqlite_version(*)[0m
  [1m[35m (21.2ms)[0m  CREATE TABLE "schema_migrations" ("version" varchar(255) NOT NULL) 
  [1m[36m (4.6ms)[0m  [1mCREATE UNIQUE INDEX "unique_schema_migrations" ON "schema_migrations" ("version")[0m
  [1m[35m (2.0ms)[0m  SELECT "schema_migrations"."version" FROM "schema_migrations" 
Migrating to DeviseCreateUsers (20130312110614)
  [1m[36m (0.0ms)[0m  [1mbegin transaction[0m
  [1m[35m (0.6ms)[0m  CREATE TABLE "users" ("id" INTEGER PRIMARY KEY AUTOINCREMENT NOT NULL, "email" varchar(255) DEFAULT '' NOT NULL, "encrypted_password" varchar(255) DEFAULT '' NOT NULL, "reset_password_token" varchar(255), "reset_password_sent_at" datetime, "remember_created_at" datetime, "sign_in_count" integer DEFAULT 0, "current_sign_in_at" datetime, "last_sign_in_at" datetime, "current_sign_in_ip" varchar(255), "last_sign_in_ip" varchar(255), "created_at" datetime NOT NULL, "updated_at" datetime NOT NULL) 
  [1m[36m (0.2ms)[0m  [1mCREATE UNIQUE INDEX "index_users_on_email" ON "users" ("email")[0m
  [1m[35m (0.2ms)[0m  CREATE UNIQUE INDEX "index_users_on_reset_password_token" ON "users" ("reset_password_token")
  [1m[36m (0.1ms)[0m  [1mINSERT INTO "schema_migrations" ("version") VALUES ('20130312110614')[0m
  [1m[35m (8.3ms)[0m  commit transaction
Migrating to AddNameToUsers (20130312110617)
  [1m[36m (0.1ms)[0m  [1mbegin transaction[0m
  [1m[35m (0.4ms)[0m  ALTER TABLE "users" ADD "name" varchar(255)
  [1m[36m (0.1ms)[0m  [1mINSERT INTO "schema_migrations" ("version") VALUES ('20130312110617')[0m
  [1m[35m (3.5ms)[0m  commit transaction
Migrating to AddConfirmableToUsers (20130312110627)
  [1m[36m (0.0ms)[0m  [1mbegin transaction[0m
  [1m[35m (0.3ms)[0m  ALTER TABLE "users" ADD "confirmation_token" varchar(255)
  [1m[36m (0.2ms)[0m  [1mALTER TABLE "users" ADD "confirmed_at" datetime[0m
  [1m[35m (0.2ms)[0m  ALTER TABLE "users" ADD "confirmation_sent_at" datetime
  [1m[36m (0.2ms)[0m  [1mALTER TABLE "users" ADD "unconfirmed_email" varchar(255)[0m
  [1m[35m (0.1ms)[0m  INSERT INTO "schema_migrations" ("version") VALUES ('20130312110627')
  [1m[36m (5.3ms)[0m  [1mcommit transaction[0m
  [1m[35m (0.3ms)[0m  SELECT "schema_migrations"."version" FROM "schema_migrations" 
Connecting to database specified by database.yml
  [1m[36m (1.8ms)[0m  [1mSELECT "schema_migrations"."version" FROM "schema_migrations" [0m
  [1m[35m (0.2ms)[0m  select sqlite_version(*)
  [1m[36m (6.3ms)[0m  [1mCREATE TABLE "users" ("id" INTEGER PRIMARY KEY AUTOINCREMENT NOT NULL, "email" varchar(255) DEFAULT '' NOT NULL, "encrypted_password" varchar(255) DEFAULT '' NOT NULL, "reset_password_token" varchar(255), "reset_password_sent_at" datetime, "remember_created_at" datetime, "sign_in_count" integer DEFAULT 0, "current_sign_in_at" datetime, "last_sign_in_at" datetime, "current_sign_in_ip" varchar(255), "last_sign_in_ip" varchar(255), "created_at" datetime NOT NULL, "updated_at" datetime NOT NULL, "name" varchar(255), "confirmation_token" varchar(255), "confirmed_at" datetime, "confirmation_sent_at" datetime, "unconfirmed_email" varchar(255)) [0m
  [1m[35m (4.4ms)[0m  CREATE UNIQUE INDEX "index_users_on_email" ON "users" ("email")
  [1m[36m (3.7ms)[0m  [1mCREATE UNIQUE INDEX "index_users_on_reset_password_token" ON "users" ("reset_password_token")[0m
  [1m[35m (3.1ms)[0m  CREATE TABLE "schema_migrations" ("version" varchar(255) NOT NULL) 
  [1m[36m (4.8ms)[0m  [1mCREATE UNIQUE INDEX "unique_schema_migrations" ON "schema_migrations" ("version")[0m
  [1m[35m (0.1ms)[0m  SELECT version FROM "schema_migrations"
  [1m[36m (4.0ms)[0m  [1mINSERT INTO "schema_migrations" (version) VALUES ('20130312110627')[0m
  [1m[35m (7.0ms)[0m  INSERT INTO "schema_migrations" (version) VALUES ('20130312110617')
  [1m[36m (4.6ms)[0m  [1mINSERT INTO "schema_migrations" (version) VALUES ('20130312110614')[0m
Connecting to database specified by database.yml
  [1m[36m (1.9ms)[0m  [1mSELECT "schema_migrations"."version" FROM "schema_migrations" [0m
  [1m[35mUser Load (0.2ms)[0m  SELECT "users".* FROM "users" WHERE "users"."email" = 'user@example.com' LIMIT 1
  [1m[36m (0.1ms)[0m  [1mbegin transaction[0m
  [1m[35mUser Exists (0.1ms)[0m  SELECT 1 AS one FROM "users" WHERE "users"."email" = 'user@example.com' LIMIT 1
  [1m[36mUser Load (0.1ms)[0m  [1mSELECT "users".* FROM "users" WHERE "users"."confirmation_token" = 'ZLXP1pR4t8JsCVpk3yNA' LIMIT 1[0m
Binary data inserted for `string` type on column `encrypted_password`
  [1m[35mSQL (0.7ms)[0m  INSERT INTO "users" ("confirmation_sent_at", "confirmation_token", "confirmed_at", "created_at", "current_sign_in_at", "current_sign_in_ip", "email", "encrypted_password", "last_sign_in_at", "last_sign_in_ip", "name", "remember_created_at", "reset_password_sent_at", "reset_password_token", "sign_in_count", "unconfirmed_email", "updated_at") VALUES (?, ?, ?, ?, ?, ?, ?, ?, ?, ?, ?, ?, ?, ?, ?, ?, ?)  [["confirmation_sent_at", Tue, 12 Mar 2013 11:07:43 UTC +00:00], ["confirmation_token", "ZLXP1pR4t8JsCVpk3yNA"], ["confirmed_at", nil], ["created_at", Tue, 12 Mar 2013 11:07:43 UTC +00:00], ["current_sign_in_at", nil], ["current_sign_in_ip", nil], ["email", "user@example.com"], ["encrypted_password", "$2a$10$1C3OYbSmAtWGyEFjLzEmnuDjlzyg5W6UTDt7kdeg7aSFeFt96F..u"], ["last_sign_in_at", nil], ["last_sign_in_ip", nil], ["name", "First User"], ["remember_created_at", nil], ["reset_password_sent_at", nil], ["reset_password_token", nil], ["sign_in_count", 0], ["unconfirmed_email", nil], ["updated_at", Tue, 12 Mar 2013 11:07:43 UTC +00:00]]
  Rendered /usr/local/rvm/gems/ruby-1.9.3-p374@editblink/gems/devise-2.2.3/app/views/devise/mailer/confirmation_instructions.html.erb (30.6ms)

Sent mail to user@example.com (80ms)
Date: Tue, 12 Mar 2013 19:07:44 +0800
From: please-change-me-at-config-initializers-devise@example.com
Reply-To: please-change-me-at-config-initializers-devise@example.com
To: user@example.com
Message-ID: <513f0c807e01c_746744d60084827@lcs-virtual-machine.mail>
Subject: Confirmation instructions
Mime-Version: 1.0
Content-Type: text/html;
 charset=UTF-8
Content-Transfer-Encoding: 7bit

<p>Welcome user@example.com!</p>

<p>You can confirm your account email through the link below:</p>

<p><a href="http://localhost:3000/users/confirmation?confirmation_token=ZLXP1pR4t8JsCVpk3yNA">Confirm my account</a></p>

  [1m[36m (7.4ms)[0m  [1mcommit transaction[0m
  [1m[35m (0.1ms)[0m  begin transaction
  [1m[36m (0.2ms)[0m  [1mUPDATE "users" SET "confirmation_token" = NULL, "confirmed_at" = '2013-03-12 11:07:44.576751', "updated_at" = '2013-03-12 11:07:44.577534' WHERE "users"."id" = 1[0m
  [1m[35m (3.2ms)[0m  commit transaction
Connecting to database specified by database.yml


Started GET "/" for 127.0.0.1 at 2013-03-12 19:11:15 +0800
Processing by HomeController#index as HTML
  [1m[36mUser Load (0.2ms)[0m  [1mSELECT "users".* FROM "users" [0m
  Rendered home/index.html.haml within layouts/application (5.4ms)
Compiled bootstrap_and_overrides.css  (2898ms)  (pid 29993)
Compiled home.css  (2ms)  (pid 29993)
Compiled application.css  (3003ms)  (pid 29993)
Compiled jquery.js  (1ms)  (pid 29993)
Compiled jquery_ujs.js  (0ms)  (pid 29993)
Compiled bootstrap-transition.js  (0ms)  (pid 29993)
Compiled bootstrap-affix.js  (0ms)  (pid 29993)
Compiled bootstrap-alert.js  (0ms)  (pid 29993)
Compiled bootstrap-button.js  (0ms)  (pid 29993)
Compiled bootstrap-carousel.js  (0ms)  (pid 29993)
Compiled bootstrap-collapse.js  (0ms)  (pid 29993)
Compiled bootstrap-dropdown.js  (0ms)  (pid 29993)
Compiled bootstrap-modal.js  (0ms)  (pid 29993)
Compiled bootstrap-scrollspy.js  (0ms)  (pid 29993)
Compiled bootstrap-tab.js  (0ms)  (pid 29993)
Compiled bootstrap-tooltip.js  (0ms)  (pid 29993)
Compiled bootstrap-popover.js  (0ms)  (pid 29993)
Compiled bootstrap-typeahead.js  (0ms)  (pid 29993)
Compiled bootstrap.js  (335ms)  (pid 29993)
Compiled home.js  (55ms)  (pid 29993)
Compiled application.js  (528ms)  (pid 29993)
  Rendered layouts/_navigation.html.haml (2.8ms)
  Rendered layouts/_messages.html.haml (1.3ms)
Completed 200 OK in 3887ms (Views: 3771.2ms | ActiveRecord: 3.1ms)


Started GET "/users/sign_in" for 127.0.0.1 at 2013-03-12 19:11:22 +0800
Processing by Devise::SessionsController#new as HTML
  Rendered devise/shared/_links.html.haml (2.9ms)
  Rendered devise/sessions/new.html.haml within layouts/application (263.6ms)
  Rendered layouts/_navigation.html.haml (0.9ms)
  Rendered layouts/_messages.html.haml (0.1ms)
Completed 200 OK in 309ms (Views: 308.1ms | ActiveRecord: 0.0ms)
Connecting to database specified by database.yml
  [1m[36m (0.1ms)[0m  [1mselect sqlite_version(*)[0m
  [1m[35m (5.7ms)[0m  CREATE TABLE "schema_migrations" ("version" varchar(255) NOT NULL) 
  [1m[36m (4.2ms)[0m  [1mCREATE UNIQUE INDEX "unique_schema_migrations" ON "schema_migrations" ("version")[0m
  [1m[35m (2.4ms)[0m  SELECT "schema_migrations"."version" FROM "schema_migrations" 
Migrating to DeviseCreateUsers (20130312110614)
  [1m[36m (0.0ms)[0m  [1mbegin transaction[0m
  [1m[35m (0.4ms)[0m  CREATE TABLE "users" ("id" INTEGER PRIMARY KEY AUTOINCREMENT NOT NULL, "email" varchar(255) DEFAULT '' NOT NULL, "encrypted_password" varchar(255) DEFAULT '' NOT NULL, "name" varchar(255), "mobile_number" varchar(255), "credit_card_number" varchar(255), "exp_date" date, "ccv_number" varchar(255), "billing_address" varchar(255), "city_state" varchar(255), "zip_code" varchar(255), "reset_password_token" varchar(255), "reset_password_sent_at" datetime, "remember_created_at" datetime, "sign_in_count" integer DEFAULT 0, "current_sign_in_at" datetime, "last_sign_in_at" datetime, "current_sign_in_ip" varchar(255), "last_sign_in_ip" varchar(255), "confirmation_token" varchar(255), "confirmed_at" datetime, "confirmation_sent_at" datetime, "unconfirmed_email" varchar(255), "created_at" datetime NOT NULL, "updated_at" datetime NOT NULL) 
  [1m[36m (0.2ms)[0m  [1mCREATE UNIQUE INDEX "index_users_on_email" ON "users" ("email")[0m
  [1m[35m (0.1ms)[0m  CREATE UNIQUE INDEX "index_users_on_reset_password_token" ON "users" ("reset_password_token")
  [1m[36m (0.1ms)[0m  [1mINSERT INTO "schema_migrations" ("version") VALUES ('20130312110614')[0m
  [1m[35m (3.6ms)[0m  commit transaction
  [1m[36m (0.1ms)[0m  [1mSELECT "schema_migrations"."version" FROM "schema_migrations" [0m


Started GET "/" for 127.0.0.1 at 2013-03-12 19:18:06 +0800
Processing by HomeController#index as HTML
  [1m[35mUser Load (0.2ms)[0m  SELECT "users".* FROM "users" 
  Rendered home/index.html.haml within layouts/application (7.3ms)
  Rendered layouts/_navigation.html.haml (3.2ms)
  Rendered layouts/_messages.html.haml (1.6ms)
Completed 200 OK in 42ms (Views: 37.5ms | ActiveRecord: 1.1ms)

ActionController::RoutingError (No route matches [GET] "/assets/logo.png"):
  actionpack (3.2.12) lib/action_dispatch/middleware/debug_exceptions.rb:21:in `call'
  actionpack (3.2.12) lib/action_dispatch/middleware/show_exceptions.rb:56:in `call'
  railties (3.2.12) lib/rails/rack/logger.rb:32:in `call_app'
  railties (3.2.12) lib/rails/rack/logger.rb:16:in `block in call'
  activesupport (3.2.12) lib/active_support/tagged_logging.rb:22:in `tagged'
  railties (3.2.12) lib/rails/rack/logger.rb:16:in `call'
  quiet_assets (1.0.2) lib/quiet_assets.rb:18:in `call_with_quiet_assets'
  actionpack (3.2.12) lib/action_dispatch/middleware/request_id.rb:22:in `call'
  rack (1.4.5) lib/rack/methodoverride.rb:21:in `call'
  rack (1.4.5) lib/rack/runtime.rb:17:in `call'
  activesupport (3.2.12) lib/active_support/cache/strategy/local_cache.rb:72:in `call'
  rack (1.4.5) lib/rack/lock.rb:15:in `call'
  actionpack (3.2.12) lib/action_dispatch/middleware/static.rb:62:in `call'
  railties (3.2.12) lib/rails/engine.rb:479:in `call'
  railties (3.2.12) lib/rails/application.rb:223:in `call'
  rack (1.4.5) lib/rack/content_length.rb:14:in `call'
  railties (3.2.12) lib/rails/rack/log_tailer.rb:17:in `call'
  rack (1.4.5) lib/rack/handler/webrick.rb:59:in `service'
  /usr/local/rvm/rubies/ruby-1.9.3-p374/lib/ruby/1.9.1/webrick/httpserver.rb:138:in `service'
  /usr/local/rvm/rubies/ruby-1.9.3-p374/lib/ruby/1.9.1/webrick/httpserver.rb:94:in `run'
  /usr/local/rvm/rubies/ruby-1.9.3-p374/lib/ruby/1.9.1/webrick/server.rb:191:in `block in start_thread'




Started GET "/" for 127.0.0.1 at 2013-03-12 19:18:34 +0800
Processing by HomeController#index as HTML
  [1m[36mUser Load (0.2ms)[0m  [1mSELECT "users".* FROM "users" [0m
  Rendered home/index.html.haml within layouts/application (0.3ms)
Compiled bootstrap_and_overrides.css  (1932ms)  (pid 29993)
Compiled application.css  (3ms)  (pid 29993)
  Rendered layouts/_navigation.html.haml (0.9ms)
  Rendered layouts/_messages.html.haml (0.1ms)
Completed 200 OK in 2073ms (Views: 2071.5ms | ActiveRecord: 0.2ms)

ActionController::RoutingError (No route matches [GET] "/assets/logo.png"):
  actionpack (3.2.12) lib/action_dispatch/middleware/debug_exceptions.rb:21:in `call'
  actionpack (3.2.12) lib/action_dispatch/middleware/show_exceptions.rb:56:in `call'
  railties (3.2.12) lib/rails/rack/logger.rb:32:in `call_app'
  railties (3.2.12) lib/rails/rack/logger.rb:16:in `block in call'
  activesupport (3.2.12) lib/active_support/tagged_logging.rb:22:in `tagged'
  railties (3.2.12) lib/rails/rack/logger.rb:16:in `call'
  quiet_assets (1.0.2) lib/quiet_assets.rb:18:in `call_with_quiet_assets'
  actionpack (3.2.12) lib/action_dispatch/middleware/request_id.rb:22:in `call'
  rack (1.4.5) lib/rack/methodoverride.rb:21:in `call'
  rack (1.4.5) lib/rack/runtime.rb:17:in `call'
  activesupport (3.2.12) lib/active_support/cache/strategy/local_cache.rb:72:in `call'
  rack (1.4.5) lib/rack/lock.rb:15:in `call'
  actionpack (3.2.12) lib/action_dispatch/middleware/static.rb:62:in `call'
  railties (3.2.12) lib/rails/engine.rb:479:in `call'
  railties (3.2.12) lib/rails/application.rb:223:in `call'
  rack (1.4.5) lib/rack/content_length.rb:14:in `call'
  railties (3.2.12) lib/rails/rack/log_tailer.rb:17:in `call'
  rack (1.4.5) lib/rack/handler/webrick.rb:59:in `service'
  /usr/local/rvm/rubies/ruby-1.9.3-p374/lib/ruby/1.9.1/webrick/httpserver.rb:138:in `service'
  /usr/local/rvm/rubies/ruby-1.9.3-p374/lib/ruby/1.9.1/webrick/httpserver.rb:94:in `run'
  /usr/local/rvm/rubies/ruby-1.9.3-p374/lib/ruby/1.9.1/webrick/server.rb:191:in `block in start_thread'



ActionController::RoutingError (No route matches [GET] "/assets/logo.png"):
  actionpack (3.2.12) lib/action_dispatch/middleware/debug_exceptions.rb:21:in `call'
  actionpack (3.2.12) lib/action_dispatch/middleware/show_exceptions.rb:56:in `call'
  railties (3.2.12) lib/rails/rack/logger.rb:32:in `call_app'
  railties (3.2.12) lib/rails/rack/logger.rb:16:in `block in call'
  activesupport (3.2.12) lib/active_support/tagged_logging.rb:22:in `tagged'
  railties (3.2.12) lib/rails/rack/logger.rb:16:in `call'
  quiet_assets (1.0.2) lib/quiet_assets.rb:18:in `call_with_quiet_assets'
  actionpack (3.2.12) lib/action_dispatch/middleware/request_id.rb:22:in `call'
  rack (1.4.5) lib/rack/methodoverride.rb:21:in `call'
  rack (1.4.5) lib/rack/runtime.rb:17:in `call'
  activesupport (3.2.12) lib/active_support/cache/strategy/local_cache.rb:72:in `call'
  rack (1.4.5) lib/rack/lock.rb:15:in `call'
  actionpack (3.2.12) lib/action_dispatch/middleware/static.rb:62:in `call'
  railties (3.2.12) lib/rails/engine.rb:479:in `call'
  railties (3.2.12) lib/rails/application.rb:223:in `call'
  rack (1.4.5) lib/rack/content_length.rb:14:in `call'
  railties (3.2.12) lib/rails/rack/log_tailer.rb:17:in `call'
  rack (1.4.5) lib/rack/handler/webrick.rb:59:in `service'
  /usr/local/rvm/rubies/ruby-1.9.3-p374/lib/ruby/1.9.1/webrick/httpserver.rb:138:in `service'
  /usr/local/rvm/rubies/ruby-1.9.3-p374/lib/ruby/1.9.1/webrick/httpserver.rb:94:in `run'
  /usr/local/rvm/rubies/ruby-1.9.3-p374/lib/ruby/1.9.1/webrick/server.rb:191:in `block in start_thread'



ActionController::RoutingError (No route matches [GET] "/assets/logo.png"):
  actionpack (3.2.12) lib/action_dispatch/middleware/debug_exceptions.rb:21:in `call'
  actionpack (3.2.12) lib/action_dispatch/middleware/show_exceptions.rb:56:in `call'
  railties (3.2.12) lib/rails/rack/logger.rb:32:in `call_app'
  railties (3.2.12) lib/rails/rack/logger.rb:16:in `block in call'
  activesupport (3.2.12) lib/active_support/tagged_logging.rb:22:in `tagged'
  railties (3.2.12) lib/rails/rack/logger.rb:16:in `call'
  quiet_assets (1.0.2) lib/quiet_assets.rb:18:in `call_with_quiet_assets'
  actionpack (3.2.12) lib/action_dispatch/middleware/request_id.rb:22:in `call'
  rack (1.4.5) lib/rack/methodoverride.rb:21:in `call'
  rack (1.4.5) lib/rack/runtime.rb:17:in `call'
  activesupport (3.2.12) lib/active_support/cache/strategy/local_cache.rb:72:in `call'
  rack (1.4.5) lib/rack/lock.rb:15:in `call'
  actionpack (3.2.12) lib/action_dispatch/middleware/static.rb:62:in `call'
  railties (3.2.12) lib/rails/engine.rb:479:in `call'
  railties (3.2.12) lib/rails/application.rb:223:in `call'
  rack (1.4.5) lib/rack/content_length.rb:14:in `call'
  railties (3.2.12) lib/rails/rack/log_tailer.rb:17:in `call'
  rack (1.4.5) lib/rack/handler/webrick.rb:59:in `service'
  /usr/local/rvm/rubies/ruby-1.9.3-p374/lib/ruby/1.9.1/webrick/httpserver.rb:138:in `service'
  /usr/local/rvm/rubies/ruby-1.9.3-p374/lib/ruby/1.9.1/webrick/httpserver.rb:94:in `run'
  /usr/local/rvm/rubies/ruby-1.9.3-p374/lib/ruby/1.9.1/webrick/server.rb:191:in `block in start_thread'




Started GET "/" for 127.0.0.1 at 2013-03-12 19:19:14 +0800
Processing by HomeController#index as HTML
  [1m[35mUser Load (0.3ms)[0m  SELECT "users".* FROM "users" 
  Rendered home/index.html.haml within layouts/application (0.3ms)
  Rendered layouts/_navigation.html.haml (1.0ms)
  Rendered layouts/_messages.html.haml (0.1ms)
Completed 200 OK in 20ms (Views: 18.5ms | ActiveRecord: 0.3ms)


Started GET "/users/sign_in" for 127.0.0.1 at 2013-03-12 19:19:23 +0800
Processing by Devise::SessionsController#new as HTML
  Rendered devise/sessions/new.html.haml within layouts/application (8.7ms)
  Rendered layouts/_navigation.html.haml (1.0ms)
  Rendered layouts/_messages.html.haml (0.1ms)
Completed 200 OK in 80ms (Views: 59.9ms | ActiveRecord: 0.0ms)


Started GET "/users/sign_up" for 127.0.0.1 at 2013-03-12 19:19:29 +0800
Processing by Devise::RegistrationsController#new as HTML
  Rendered devise/registrations/new.html.haml within layouts/application (29.1ms)
  Rendered layouts/_navigation.html.haml (1.0ms)
  Rendered layouts/_messages.html.haml (0.1ms)
Completed 200 OK in 49ms (Views: 48.6ms | ActiveRecord: 0.0ms)


Started GET "/users/sign_in" for 127.0.0.1 at 2013-03-12 19:20:14 +0800
Processing by Devise::SessionsController#new as HTML
  Rendered devise/sessions/new.html.haml within layouts/application (8.4ms)
  Rendered layouts/_navigation.html.haml (0.9ms)
  Rendered layouts/_messages.html.haml (0.1ms)
Completed 200 OK in 36ms (Views: 34.7ms | ActiveRecord: 0.0ms)


Started GET "/users/sign_up" for 127.0.0.1 at 2013-03-12 19:23:08 +0800
Processing by Devise::RegistrationsController#new as HTML
  Rendered devise/registrations/new.html.haml within layouts/application (20.2ms)
Compiled bootstrap_and_overrides.css  (2004ms)  (pid 29993)
Compiled application.css  (2ms)  (pid 29993)
  Rendered layouts/_navigation.html.haml (1.0ms)
  Rendered layouts/_messages.html.haml (0.1ms)
Completed 200 OK in 2168ms (Views: 2166.3ms | ActiveRecord: 0.0ms)


Started GET "/users/sign_up" for 127.0.0.1 at 2013-03-12 19:24:09 +0800
Processing by Devise::RegistrationsController#new as HTML
  Rendered devise/registrations/new.html.haml within layouts/application (18.2ms)
  Rendered layouts/_navigation.html.haml (0.8ms)
  Rendered layouts/_messages.html.haml (0.1ms)
Completed 200 OK in 37ms (Views: 35.9ms | ActiveRecord: 0.0ms)


Started GET "/users/sign_up" for 127.0.0.1 at 2013-03-12 19:25:48 +0800
Processing by Devise::RegistrationsController#new as HTML
  Rendered devise/registrations/new.html.haml within layouts/application (18.0ms)
  Rendered layouts/_navigation.html.haml (1.0ms)
  Rendered layouts/_messages.html.haml (0.1ms)
Completed 200 OK in 36ms (Views: 35.6ms | ActiveRecord: 0.0ms)


Started GET "/users/sign_up" for 127.0.0.1 at 2013-03-12 19:26:16 +0800
Processing by Devise::RegistrationsController#new as HTML
  Rendered devise/registrations/new.html.haml within layouts/application (14.3ms)
Compiled bootstrap_and_overrides.css  (1998ms)  (pid 29993)
Compiled application.css  (3ms)  (pid 29993)
  Rendered layouts/_navigation.html.haml (1.0ms)
  Rendered layouts/_messages.html.haml (0.1ms)
Completed 200 OK in 2153ms (Views: 2152.4ms | ActiveRecord: 0.0ms)


Started GET "/users/sign_up" for 127.0.0.1 at 2013-03-12 19:26:38 +0800
Processing by Devise::RegistrationsController#new as HTML
  Rendered devise/registrations/new.html.haml within layouts/application (15.2ms)
Compiled bootstrap_and_overrides.css  (2048ms)  (pid 29993)
Compiled application.css  (3ms)  (pid 29993)
  Rendered layouts/_navigation.html.haml (0.9ms)
  Rendered layouts/_messages.html.haml (0.1ms)
Completed 200 OK in 2171ms (Views: 2170.5ms | ActiveRecord: 0.0ms)


Started GET "/users/sign_up" for 127.0.0.1 at 2013-03-12 19:27:00 +0800
Processing by Devise::RegistrationsController#new as HTML
  Rendered devise/registrations/new.html.haml within layouts/application (19.3ms)
Compiled bootstrap_and_overrides.css  (2054ms)  (pid 29993)
Compiled application.css  (3ms)  (pid 29993)
  Rendered layouts/_navigation.html.haml (0.9ms)
  Rendered layouts/_messages.html.haml (0.1ms)
Completed 200 OK in 2192ms (Views: 2190.4ms | ActiveRecord: 0.0ms)


Started GET "/users/sign_up" for 127.0.0.1 at 2013-03-12 19:27:15 +0800
Processing by Devise::RegistrationsController#new as HTML
  Rendered devise/registrations/new.html.haml within layouts/application (20.7ms)
Compiled bootstrap_and_overrides.css  (2102ms)  (pid 29993)
Compiled application.css  (3ms)  (pid 29993)
  Rendered layouts/_navigation.html.haml (0.9ms)
  Rendered layouts/_messages.html.haml (0.1ms)
Completed 200 OK in 2234ms (Views: 2232.8ms | ActiveRecord: 0.0ms)


Started GET "/users/sign_up" for 127.0.0.1 at 2013-03-12 19:28:13 +0800
Processing by Devise::RegistrationsController#new as HTML
  Rendered devise/registrations/new.html.haml within layouts/application (18.3ms)
  Rendered layouts/_navigation.html.haml (0.9ms)
  Rendered layouts/_messages.html.haml (0.1ms)
Completed 200 OK in 39ms (Views: 38.3ms | ActiveRecord: 0.0ms)


Started GET "/users/sign_up" for 127.0.0.1 at 2013-03-12 19:29:18 +0800
Processing by Devise::RegistrationsController#new as HTML
  Rendered devise/registrations/new.html.haml within layouts/application (18.1ms)
Compiled bootstrap_and_overrides.css  (2016ms)  (pid 29993)
Compiled application.css  (3ms)  (pid 29993)
  Rendered layouts/_navigation.html.haml (0.9ms)
  Rendered layouts/_messages.html.haml (0.1ms)
Completed 200 OK in 2140ms (Views: 2139.5ms | ActiveRecord: 0.0ms)


Started GET "/users/sign_up" for 127.0.0.1 at 2013-03-12 19:29:38 +0800
Processing by Devise::RegistrationsController#new as HTML
  Rendered devise/registrations/new.html.haml within layouts/application (14.2ms)
Compiled bootstrap_and_overrides.css  (1968ms)  (pid 29993)
Compiled application.css  (3ms)  (pid 29993)
  Rendered layouts/_navigation.html.haml (0.9ms)
  Rendered layouts/_messages.html.haml (0.1ms)
Completed 200 OK in 2091ms (Views: 2090.3ms | ActiveRecord: 0.0ms)


Started GET "/users/sign_up" for 127.0.0.1 at 2013-03-12 19:30:26 +0800
Processing by Devise::RegistrationsController#new as HTML
  Rendered devise/registrations/new.html.haml within layouts/application (31.8ms)
Compiled bootstrap_and_overrides.css  (2034ms)  (pid 29993)
Compiled application.css  (3ms)  (pid 29993)
  Rendered layouts/_navigation.html.haml (1.0ms)
  Rendered layouts/_messages.html.haml (0.1ms)
Completed 200 OK in 2178ms (Views: 2177.3ms | ActiveRecord: 0.0ms)


Started GET "/users/sign_up" for 127.0.0.1 at 2013-03-12 19:30:39 +0800
Processing by Devise::RegistrationsController#new as HTML
  Rendered devise/registrations/new.html.haml within layouts/application (13.5ms)
Compiled bootstrap_and_overrides.css  (2072ms)  (pid 29993)
Compiled application.css  (3ms)  (pid 29993)
  Rendered layouts/_navigation.html.haml (1.0ms)
  Rendered layouts/_messages.html.haml (0.1ms)
Completed 200 OK in 2198ms (Views: 2197.0ms | ActiveRecord: 0.0ms)


Started GET "/users/sign_up" for 127.0.0.1 at 2013-03-12 19:30:51 +0800
Processing by Devise::RegistrationsController#new as HTML
  Rendered devise/registrations/new.html.haml within layouts/application (19.4ms)
Compiled bootstrap_and_overrides.css  (2016ms)  (pid 29993)
Compiled application.css  (3ms)  (pid 29993)
  Rendered layouts/_navigation.html.haml (1.0ms)
  Rendered layouts/_messages.html.haml (0.1ms)
Completed 200 OK in 2146ms (Views: 2145.0ms | ActiveRecord: 0.0ms)


Started GET "/users/sign_up" for 127.0.0.1 at 2013-03-12 19:31:40 +0800
Processing by Devise::RegistrationsController#new as HTML
  Rendered devise/registrations/new.html.haml within layouts/application (13.0ms)
Compiled bootstrap_and_overrides.css  (2003ms)  (pid 29993)
Compiled application.css  (3ms)  (pid 29993)
  Rendered layouts/_navigation.html.haml (1.0ms)
  Rendered layouts/_messages.html.haml (0.1ms)
Completed 200 OK in 2128ms (Views: 2127.5ms | ActiveRecord: 0.0ms)


Started GET "/users/sign_up" for 127.0.0.1 at 2013-03-12 19:32:08 +0800
Processing by Devise::RegistrationsController#new as HTML
  Rendered devise/registrations/new.html.haml within layouts/application (14.5ms)
Compiled bootstrap_and_overrides.css  (2024ms)  (pid 29993)
Compiled application.css  (3ms)  (pid 29993)
  Rendered layouts/_navigation.html.haml (0.9ms)
  Rendered layouts/_messages.html.haml (0.1ms)
Completed 200 OK in 2186ms (Views: 2185.0ms | ActiveRecord: 0.0ms)


Started GET "/users/sign_up" for 127.0.0.1 at 2013-03-12 19:32:24 +0800
Processing by Devise::RegistrationsController#new as HTML
  Rendered devise/registrations/new.html.haml within layouts/application (25.2ms)
  Rendered layouts/_navigation.html.haml (0.9ms)
  Rendered layouts/_messages.html.haml (0.1ms)
Completed 200 OK in 43ms (Views: 42.7ms | ActiveRecord: 0.0ms)


Started GET "/users/sign_up" for 127.0.0.1 at 2013-03-12 19:32:49 +0800
Processing by Devise::RegistrationsController#new as HTML
  Rendered devise/registrations/new.html.haml within layouts/application (17.2ms)
Compiled bootstrap_and_overrides.css  (1993ms)  (pid 29993)
Compiled application.css  (3ms)  (pid 29993)
  Rendered layouts/_navigation.html.haml (1.1ms)
  Rendered layouts/_messages.html.haml (0.1ms)
Completed 200 OK in 2119ms (Views: 2118.3ms | ActiveRecord: 0.0ms)


Started GET "/users/sign_up" for 127.0.0.1 at 2013-03-12 19:33:56 +0800
Processing by Devise::RegistrationsController#new as HTML
  Rendered devise/registrations/new.html.haml within layouts/application (19.7ms)
Compiled bootstrap_and_overrides.css  (2004ms)  (pid 29993)
Compiled application.css  (3ms)  (pid 29993)
  Rendered layouts/_navigation.html.haml (0.9ms)
  Rendered layouts/_messages.html.haml (0.1ms)
Completed 200 OK in 2133ms (Views: 2132.3ms | ActiveRecord: 0.0ms)


Started GET "/users/sign_up" for 127.0.0.1 at 2013-03-12 19:35:27 +0800
Processing by Devise::RegistrationsController#new as HTML
  Rendered devise/registrations/new.html.haml within layouts/application (20.7ms)
  Rendered layouts/_navigation.html.haml (0.9ms)
  Rendered layouts/_messages.html.haml (0.1ms)
Completed 200 OK in 41ms (Views: 39.7ms | ActiveRecord: 0.0ms)


Started GET "/users/sign_up" for 127.0.0.1 at 2013-03-12 19:36:59 +0800
Processing by Devise::RegistrationsController#new as HTML
  Rendered devise/registrations/new.html.haml within layouts/application (20.7ms)
Compiled bootstrap_and_overrides.css  (2154ms)  (pid 29993)
Compiled application.css  (3ms)  (pid 29993)
  Rendered layouts/_navigation.html.haml (1.0ms)
  Rendered layouts/_messages.html.haml (0.1ms)
Completed 200 OK in 2299ms (Views: 2297.9ms | ActiveRecord: 0.0ms)


Started GET "/users/sign_up" for 127.0.0.1 at 2013-03-12 19:38:16 +0800
Processing by Devise::RegistrationsController#new as HTML
  Rendered devise/registrations/new.html.haml within layouts/application (22.2ms)
  Rendered layouts/_navigation.html.haml (0.9ms)
  Rendered layouts/_messages.html.haml (0.1ms)
Completed 200 OK in 48ms (Views: 45.4ms | ActiveRecord: 0.0ms)


Started GET "/users/sign_up" for 127.0.0.1 at 2013-03-12 19:39:32 +0800
Processing by Devise::RegistrationsController#new as HTML
  Rendered devise/registrations/new.html.haml within layouts/application (18.9ms)
  Rendered layouts/_navigation.html.haml (1.0ms)
  Rendered layouts/_messages.html.haml (0.1ms)
Completed 200 OK in 38ms (Views: 36.8ms | ActiveRecord: 0.0ms)


Started GET "/users/sign_up" for 127.0.0.1 at 2013-03-12 19:40:43 +0800
Processing by Devise::RegistrationsController#new as HTML
  Rendered devise/registrations/new.html.haml within layouts/application (21.4ms)
Compiled bootstrap_and_overrides.css  (1972ms)  (pid 29993)
Compiled application.css  (3ms)  (pid 29993)
  Rendered layouts/_navigation.html.haml (0.9ms)
  Rendered layouts/_messages.html.haml (0.1ms)
Completed 200 OK in 2133ms (Views: 2132.6ms | ActiveRecord: 0.0ms)


Started GET "/users/sign_up" for 127.0.0.1 at 2013-03-12 19:42:30 +0800
Processing by Devise::RegistrationsController#new as HTML
  Rendered devise/registrations/new.html.haml within layouts/application (25.2ms)
Compiled bootstrap_and_overrides.css  (2009ms)  (pid 29993)
Compiled application.css  (3ms)  (pid 29993)
  Rendered layouts/_navigation.html.haml (0.9ms)
  Rendered layouts/_messages.html.haml (0.1ms)
Completed 200 OK in 2147ms (Views: 2145.8ms | ActiveRecord: 0.0ms)


Started GET "/users/sign_up" for 127.0.0.1 at 2013-03-12 19:43:07 +0800
Processing by Devise::RegistrationsController#new as HTML
  Rendered devise/registrations/new.html.haml within layouts/application (17.2ms)
  Rendered layouts/_navigation.html.haml (0.9ms)
  Rendered layouts/_messages.html.haml (0.1ms)
Completed 200 OK in 36ms (Views: 34.8ms | ActiveRecord: 0.0ms)


Started GET "/users/sign_up" for 127.0.0.1 at 2013-03-12 19:43:46 +0800
Processing by Devise::RegistrationsController#new as HTML
  Rendered devise/registrations/new.html.haml within layouts/application (17.5ms)
Compiled bootstrap_and_overrides.css  (1983ms)  (pid 29993)
Compiled application.css  (3ms)  (pid 29993)
  Rendered layouts/_navigation.html.haml (0.9ms)
  Rendered layouts/_messages.html.haml (0.1ms)
Completed 200 OK in 2108ms (Views: 2106.9ms | ActiveRecord: 0.0ms)


Started GET "/users/sign_up" for 127.0.0.1 at 2013-03-12 19:44:36 +0800
Processing by Devise::RegistrationsController#new as HTML
  Rendered devise/registrations/new.html.haml within layouts/application (25.7ms)
Compiled bootstrap_and_overrides.css  (2000ms)  (pid 29993)
Compiled application.css  (3ms)  (pid 29993)
  Rendered layouts/_navigation.html.haml (0.9ms)
  Rendered layouts/_messages.html.haml (0.1ms)
Completed 200 OK in 2138ms (Views: 2137.0ms | ActiveRecord: 0.0ms)


Started GET "/users/sign_up" for 127.0.0.1 at 2013-03-12 19:46:04 +0800
Processing by Devise::RegistrationsController#new as HTML
  Rendered devise/registrations/new.html.haml within layouts/application (24.0ms)
  Rendered layouts/_navigation.html.haml (0.9ms)
  Rendered layouts/_messages.html.haml (0.1ms)
Completed 200 OK in 45ms (Views: 43.4ms | ActiveRecord: 0.0ms)


Started GET "/users/sign_up" for 127.0.0.1 at 2013-03-12 19:46:17 +0800
Processing by Devise::RegistrationsController#new as HTML
  Rendered devise/registrations/new.html.haml within layouts/application (17.3ms)
  Rendered layouts/_navigation.html.haml (0.9ms)
  Rendered layouts/_messages.html.haml (0.1ms)
Completed 200 OK in 36ms (Views: 35.0ms | ActiveRecord: 0.0ms)


Started GET "/users/sign_in" for 127.0.0.1 at 2013-03-12 19:49:31 +0800
Processing by Devise::SessionsController#new as HTML
  Rendered devise/sessions/new.html.haml within layouts/application (11.8ms)
  Rendered layouts/_navigation.html.haml (0.9ms)
  Rendered layouts/_messages.html.haml (0.1ms)
Completed 200 OK in 73ms (Views: 71.6ms | ActiveRecord: 0.0ms)


Started GET "/users/sign_up" for 127.0.0.1 at 2013-03-12 19:49:33 +0800
Processing by Devise::RegistrationsController#new as HTML
  Rendered devise/registrations/new.html.haml within layouts/application (58.8ms)
  Rendered layouts/_navigation.html.haml (1.0ms)
  Rendered layouts/_messages.html.haml (0.1ms)
Completed 200 OK in 83ms (Views: 81.1ms | ActiveRecord: 0.0ms)


Started GET "/" for 127.0.0.1 at 2013-03-12 19:49:55 +0800
Processing by HomeController#index as HTML
  [1m[36mUser Load (0.5ms)[0m  [1mSELECT "users".* FROM "users" [0m
  Rendered home/index.html.haml within layouts/application (0.8ms)
  Rendered layouts/_navigation.html.haml (0.9ms)
  Rendered layouts/_messages.html.haml (0.1ms)
Completed 200 OK in 23ms (Views: 20.8ms | ActiveRecord: 0.5ms)


Started GET "/" for 127.0.0.1 at 2013-03-12 19:51:40 +0800
Processing by HomeController#index as HTML
  [1m[35mUser Load (0.3ms)[0m  SELECT "users".* FROM "users" 
  Rendered home/index.html.haml within layouts/application (0.6ms)
Compiled bootstrap_and_overrides.css  (1946ms)  (pid 29993)
Compiled application.css  (3ms)  (pid 29993)
Compiled js/homescript.js  (0ms)  (pid 29993)
Compiled js/thankyouscript.js  (0ms)  (pid 29993)
Compiled application.js  (23ms)  (pid 29993)
  Rendered layouts/_navigation.html.haml (0.9ms)
  Rendered layouts/_messages.html.haml (0.1ms)
Completed 200 OK in 2135ms (Views: 2133.3ms | ActiveRecord: 0.3ms)


Started GET "/users/sign_in" for 127.0.0.1 at 2013-03-12 19:52:03 +0800
Processing by Devise::SessionsController#new as HTML
  Rendered devise/sessions/new.html.haml within layouts/application (7.4ms)
  Rendered layouts/_navigation.html.haml (1.1ms)
  Rendered layouts/_messages.html.haml (0.2ms)
Completed 200 OK in 39ms (Views: 37.5ms | ActiveRecord: 0.0ms)


Started GET "/users/sign_up" for 127.0.0.1 at 2013-03-12 19:52:06 +0800
Processing by Devise::RegistrationsController#new as HTML
  Rendered devise/registrations/new.html.haml within layouts/application (13.6ms)
  Rendered layouts/_navigation.html.haml (0.9ms)
  Rendered layouts/_messages.html.haml (0.1ms)
Completed 200 OK in 66ms (Views: 65.0ms | ActiveRecord: 0.0ms)


Started GET "/users/sign_in" for 127.0.0.1 at 2013-03-12 19:52:09 +0800
Processing by Devise::SessionsController#new as HTML
  Rendered devise/sessions/new.html.haml within layouts/application (46.5ms)
  Rendered layouts/_navigation.html.haml (1.5ms)
  Rendered layouts/_messages.html.haml (0.1ms)
Completed 200 OK in 69ms (Views: 68.6ms | ActiveRecord: 0.0ms)


Started GET "/users/sign_in" for 127.0.0.1 at 2013-03-12 19:52:30 +0800
Processing by Devise::SessionsController#new as HTML
  Rendered devise/sessions/new.html.haml within layouts/application (9.1ms)
Compiled bootstrap_and_overrides.css  (1998ms)  (pid 29993)
Compiled application.css  (3ms)  (pid 29993)
  Rendered layouts/_navigation.html.haml (2.0ms)
  Rendered layouts/_messages.html.haml (0.1ms)
Completed 200 OK in 2126ms (Views: 2125.3ms | ActiveRecord: 0.0ms)


Started GET "/users/sign_in" for 127.0.0.1 at 2013-03-12 19:53:02 +0800
Processing by Devise::SessionsController#new as HTML
  Rendered devise/sessions/new.html.haml within layouts/application (7.0ms)
Compiled bootstrap_and_overrides.css  (2052ms)  (pid 29993)
Compiled application.css  (3ms)  (pid 29993)
  Rendered layouts/_navigation.html.haml (1.0ms)
  Rendered layouts/_messages.html.haml (0.1ms)
Completed 200 OK in 2178ms (Views: 2175.5ms | ActiveRecord: 0.0ms)


Started GET "/users/sign_in" for 127.0.0.1 at 2013-03-12 19:53:42 +0800
Processing by Devise::SessionsController#new as HTML
  Rendered devise/sessions/new.html.haml within layouts/application (15.3ms)
Compiled bootstrap_and_overrides.css  (2072ms)  (pid 29993)
Compiled application.css  (3ms)  (pid 29993)
  Rendered layouts/_navigation.html.haml (1.0ms)
  Rendered layouts/_messages.html.haml (0.1ms)
Completed 200 OK in 2210ms (Views: 2208.8ms | ActiveRecord: 0.0ms)


Started GET "/users/sign_in" for 127.0.0.1 at 2013-03-12 19:54:30 +0800
Processing by Devise::SessionsController#new as HTML
  Rendered devise/sessions/new.html.haml within layouts/application (7.3ms)
Compiled bootstrap_and_overrides.css  (2093ms)  (pid 29993)
Compiled application.css  (3ms)  (pid 29993)
  Rendered layouts/_navigation.html.haml (1.0ms)
  Rendered layouts/_messages.html.haml (0.1ms)
Completed 200 OK in 2215ms (Views: 2214.6ms | ActiveRecord: 0.0ms)


Started GET "/users/sign_in" for 127.0.0.1 at 2013-03-12 19:56:09 +0800
Processing by Devise::SessionsController#new as HTML
  Rendered devise/sessions/new.html.haml within layouts/application (10.5ms)
  Rendered layouts/_navigation.html.haml (1.1ms)
  Rendered layouts/_messages.html.haml (0.1ms)
Completed 200 OK in 32ms (Views: 31.7ms | ActiveRecord: 0.0ms)


Started GET "/users/sign_in" for 127.0.0.1 at 2013-03-12 19:57:09 +0800
Processing by Devise::SessionsController#new as HTML
  Rendered devise/sessions/new.html.haml within layouts/application (11.9ms)
  Rendered layouts/_navigation.html.haml (0.9ms)
  Rendered layouts/_messages.html.haml (0.1ms)
Completed 200 OK in 35ms (Views: 34.2ms | ActiveRecord: 0.0ms)


Started GET "/users/sign_up" for 127.0.0.1 at 2013-03-12 19:57:11 +0800
Processing by Devise::RegistrationsController#new as HTML
  Rendered devise/registrations/new.html.haml within layouts/application (14.0ms)
  Rendered layouts/_navigation.html.haml (1.1ms)
  Rendered layouts/_messages.html.haml (0.1ms)
Completed 200 OK in 66ms (Views: 65.3ms | ActiveRecord: 0.0ms)


Started POST "/users" for 127.0.0.1 at 2013-03-12 19:57:22 +0800
Processing by Devise::RegistrationsController#create as HTML
  Parameters: {"utf8"=>"✓", "authenticity_token"=>"bn6dVtYa56eQsYVQyPSuiO3U5hdKywLTYR8d8g+UKS0=", "user"=>{"name"=>"", "password"=>"[FILTERED]", "password_confirmation"=>"[FILTERED]", "email"=>"", "mobile_number"=>"", "exp_date(1i)"=>"2013", "exp_date(2i)"=>"3", "exp_date(3i)"=>"12", "ccv_number"=>"", "billing_address"=>"", "city_state"=>"", "zip_code"=>""}, "commit"=>"Sign up"}
  [1m[36m (0.1ms)[0m  [1mbegin transaction[0m
  [1m[35m (0.1ms)[0m  rollback transaction
  Rendered devise/registrations/new.html.haml within layouts/application (12.5ms)
  Rendered layouts/_navigation.html.haml (0.9ms)
  Rendered layouts/_messages.html.haml (0.1ms)
Completed 200 OK in 80ms (Views: 32.6ms | ActiveRecord: 0.0ms)


Started POST "/users" for 127.0.0.1 at 2013-03-12 19:58:04 +0800
Processing by Devise::RegistrationsController#create as HTML
  Parameters: {"utf8"=>"✓", "authenticity_token"=>"bn6dVtYa56eQsYVQyPSuiO3U5hdKywLTYR8d8g+UKS0=", "user"=>{"name"=>"", "password"=>"[FILTERED]", "password_confirmation"=>"[FILTERED]", "email"=>"", "mobile_number"=>"", "exp_date(1i)"=>"2013", "exp_date(2i)"=>"3", "exp_date(3i)"=>"12", "ccv_number"=>"", "billing_address"=>"", "city_state"=>"", "zip_code"=>""}, "commit"=>"Sign up"}
  [1m[36m (0.1ms)[0m  [1mbegin transaction[0m
  [1m[35m (0.1ms)[0m  rollback transaction
  Rendered devise/registrations/new.html.haml within layouts/application (28.2ms)
  Rendered layouts/_navigation.html.haml (0.9ms)
  Rendered layouts/_messages.html.haml (0.1ms)
Completed 200 OK in 59ms (Views: 50.4ms | ActiveRecord: 0.0ms)


Started GET "/" for 127.0.0.1 at 2013-03-12 20:19:23 +0800
Processing by HomeController#index as HTML
  [1m[36mUser Load (0.5ms)[0m  [1mSELECT "users".* FROM "users" [0m
  Rendered home/index.html.haml within layouts/application (0.6ms)
  Rendered layouts/_navigation.html.haml (0.9ms)
  Rendered layouts/_messages.html.haml (0.1ms)
Completed 200 OK in 64ms (Views: 61.4ms | ActiveRecord: 0.5ms)
